c:\users\nikol\source\repos\demogame2025\temp\release\vc143.pdb
c:\users\nikol\source\repos\demogame2025\temp\release\scene.obj
c:\users\nikol\source\repos\demogame2025\temp\release\renderer.obj
c:\users\nikol\source\repos\demogame2025\temp\release\player.obj
c:\users\nikol\source\repos\demogame2025\temp\release\particleemitter.obj
c:\users\nikol\source\repos\demogame2025\temp\release\particle.obj
c:\users\nikol\source\repos\demogame2025\temp\release\matrix4.obj
c:\users\nikol\source\repos\demogame2025\temp\release\main.obj
c:\users\nikol\source\repos\demogame2025\temp\release\logmanager.obj
c:\users\nikol\source\repos\demogame2025\temp\release\inputsystem.obj
c:\users\nikol\source\repos\demogame2025\temp\release\imgui_widgets.obj
c:\users\nikol\source\repos\demogame2025\temp\release\imgui_tables.obj
c:\users\nikol\source\repos\demogame2025\temp\release\imgui_impl_sdl2.obj
c:\users\nikol\source\repos\demogame2025\temp\release\imgui_impl_opengl3.obj
c:\users\nikol\source\repos\demogame2025\temp\release\imgui_draw.obj
c:\users\nikol\source\repos\demogame2025\temp\release\imgui_demo.obj
c:\users\nikol\source\repos\demogame2025\temp\release\imgui.obj
c:\users\nikol\source\repos\demogame2025\temp\release\game.obj
c:\users\nikol\source\repos\demogame2025\temp\release\entity.obj
c:\users\nikol\source\repos\demogame2025\temp\release\enemy.obj
c:\users\nikol\source\repos\demogame2025\temp\release\animatedsprite.obj
c:\users\nikol\source\repos\demogame2025\temp\release\xboxcontroller.obj
c:\users\nikol\source\repos\demogame2025\temp\release\vertexarray.obj
c:\users\nikol\source\repos\demogame2025\temp\release\vector2.obj
c:\users\nikol\source\repos\demogame2025\temp\release\texturemanager.obj
c:\users\nikol\source\repos\demogame2025\temp\release\texture.obj
c:\users\nikol\source\repos\demogame2025\temp\release\sprite.obj
c:\users\nikol\source\repos\demogame2025\temp\release\shader.obj
c:\users\nikol\source\repos\demogame2025\temp\release\sceneabysswalker.obj
c:\users\nikol\source\repos\demogame2025\game\demogame2025.exe
c:\users\nikol\source\repos\demogame2025\game\demogame2025.pdb
c:\users\nikol\source\repos\demogame2025\temp\release\demogame2025.ipdb
c:\users\nikol\source\repos\demogame2025\temp\release\demogame2025.iobj
c:\users\nikol\source\repos\demogame2025\temp\release\demogame2025.vcxproj.filelistabsolute.txt
c:\users\nikol\source\repos\demogame2025\temp\release\demogame2025.tlog\cl.command.1.tlog
c:\users\nikol\source\repos\demogame2025\temp\release\demogame2025.tlog\cl.items.tlog
c:\users\nikol\source\repos\demogame2025\temp\release\demogame2025.tlog\cl.read.1.tlog
c:\users\nikol\source\repos\demogame2025\temp\release\demogame2025.tlog\cl.write.1.tlog
c:\users\nikol\source\repos\demogame2025\temp\release\demogame2025.tlog\link.command.1.tlog
c:\users\nikol\source\repos\demogame2025\temp\release\demogame2025.tlog\link.read.1.tlog
c:\users\nikol\source\repos\demogame2025\temp\release\demogame2025.tlog\link.secondary.1.tlog
c:\users\nikol\source\repos\demogame2025\temp\release\demogame2025.tlog\link.write.1.tlog
