c:\users\nikol\source\repos\demogame2025\temp\debug\vc143.pdb
c:\users\nikol\source\repos\demogame2025\temp\debug\vc143.idb
c:\users\nikol\source\repos\demogame2025\temp\debug\scene.obj
c:\users\nikol\source\repos\demogame2025\temp\debug\renderer.obj
c:\users\nikol\source\repos\demogame2025\temp\debug\player.obj
c:\users\nikol\source\repos\demogame2025\temp\debug\particleemitter.obj
c:\users\nikol\source\repos\demogame2025\temp\debug\particle.obj
c:\users\nikol\source\repos\demogame2025\temp\debug\matrix4.obj
c:\users\nikol\source\repos\demogame2025\temp\debug\main.obj
c:\users\nikol\source\repos\demogame2025\temp\debug\logmanager.obj
c:\users\nikol\source\repos\demogame2025\temp\debug\inputsystem.obj
c:\users\nikol\source\repos\demogame2025\temp\debug\imgui_widgets.obj
c:\users\nikol\source\repos\demogame2025\temp\debug\imgui_tables.obj
c:\users\nikol\source\repos\demogame2025\temp\debug\imgui_impl_sdl2.obj
c:\users\nikol\source\repos\demogame2025\temp\debug\imgui_impl_opengl3.obj
c:\users\nikol\source\repos\demogame2025\temp\debug\imgui_draw.obj
c:\users\nikol\source\repos\demogame2025\temp\debug\imgui_demo.obj
c:\users\nikol\source\repos\demogame2025\temp\debug\imgui.obj
c:\users\nikol\source\repos\demogame2025\temp\debug\game.obj
c:\users\nikol\source\repos\demogame2025\temp\debug\entity.obj
c:\users\nikol\source\repos\demogame2025\temp\debug\enemybat.obj
c:\users\nikol\source\repos\demogame2025\temp\debug\animatedsprite.obj
c:\users\nikol\source\repos\demogame2025\temp\debug\xboxcontroller.obj
c:\users\nikol\source\repos\demogame2025\temp\debug\vertexarray.obj
c:\users\nikol\source\repos\demogame2025\temp\debug\vector2.obj
c:\users\nikol\source\repos\demogame2025\temp\debug\texturemanager.obj
c:\users\nikol\source\repos\demogame2025\temp\debug\texture.obj
c:\users\nikol\source\repos\demogame2025\temp\debug\sprite.obj
c:\users\nikol\source\repos\demogame2025\temp\debug\shader.obj
c:\users\nikol\source\repos\demogame2025\temp\debug\demogame2025.vcxproj.filelistabsolute.txt
c:\users\nikol\source\repos\demogame2025\temp\debug\demogame2025.tlog\cl.command.1.tlog
c:\users\nikol\source\repos\demogame2025\temp\debug\demogame2025.tlog\cl.read.1.tlog
c:\users\nikol\source\repos\demogame2025\temp\debug\demogame2025.tlog\cl.write.1.tlog
